<?xml version="1.0" encoding="UTF-8"?>
<Site BuildName="(empty)"
	BuildStamp="20230910-0056-Experimental"
	Name="llx-pc"
	Generator="ctest-3.16.3"
	CompilerName="/usr/bin/c++"
	CompilerVersion="9.4.0"
	OSName="Linux"
	Hostname="llx-pc"
	OSRelease="5.15.0-83-generic"
	OSVersion="#92~20.04.1-Ubuntu SMP Mon Aug 21 14:00:49 UTC 2023"
	OSPlatform="x86_64"
	Is64Bits="1"
	VendorString="GenuineIntel"
	VendorID="Intel Corporation"
	FamilyID="6"
	ModelID="151"
	ProcessorCacheSize="18432"
	NumberOfLogicalCPU="12"
	NumberOfPhysicalCPU="6"
	TotalVirtualMemory="16211"
	TotalPhysicalMemory="15816"
	LogicalProcessorsPerPhysical="2"
	ProcessorClockFrequency="3450.45"
	>
	<Testing>
		<StartDateTime>Sep 10 08:56 CST</StartDateTime>
		<StartTestTime>1694307415</StartTestTime>
		<TestList/>
		<EndDateTime>Sep 10 08:56 CST</EndDateTime>
		<EndTestTime>1694307415</EndTestTime>
		<ElapsedMinutes>0</ElapsedMinutes>
	</Testing>
</Site>
