<?xml version="1.0" encoding="UTF-8"?>
<Site BuildName="(empty)"
	BuildStamp="20230905-1250-Experimental"
	Name="llx-pc"
	Generator="ctest-3.16.3"
	CompilerName="/usr/bin/c++"
	CompilerVersion="9.4.0"
	OSName="Linux"
	Hostname="llx-pc"
	OSRelease="5.15.0-82-generic"
	OSVersion="#91~20.04.1-Ubuntu SMP Fri Aug 18 16:24:39 UTC 2023"
	OSPlatform="x86_64"
	Is64Bits="1"
	VendorString="GenuineIntel"
	VendorID="Intel Corporation"
	FamilyID="6"
	ModelID="151"
	ProcessorCacheSize="18432"
	NumberOfLogicalCPU="12"
	NumberOfPhysicalCPU="6"
	TotalVirtualMemory="16211"
	TotalPhysicalMemory="15816"
	LogicalProcessorsPerPhysical="2"
	ProcessorClockFrequency="3993.66"
	>
	<Testing>
		<StartDateTime>Sep 05 21:35 CST</StartDateTime>
		<StartTestTime>1693920909</StartTestTime>
		<TestList/>
		<EndDateTime>Sep 05 21:35 CST</EndDateTime>
		<EndTestTime>1693920909</EndTestTime>
		<ElapsedMinutes>0</ElapsedMinutes>
	</Testing>
</Site>
